Change Component Designator: Old Designator=C? New Designator=C200
Change Component Designator: Old Designator=CON? New Designator=CON200
Change Component Designator: Old Designator=CON? New Designator=CON201
Change Component Designator: Old Designator=CON? New Designator=CON202
Change Component Designator: Old Designator=OK? New Designator=OK200
Change Component Designator: Old Designator=OK? New Designator=OK201
Change Component Designator: Old Designator=OK? New Designator=OK202
Change Component Designator: Old Designator=OK? New Designator=OK203
Change Component Designator: Old Designator=OK? New Designator=OK204
Change Component Designator: Old Designator=OK? New Designator=OK205
Change Component Designator: Old Designator=OK? New Designator=OK206
Change Component Designator: Old Designator=OK? New Designator=OK207
Change Component Designator: Old Designator=OK? New Designator=OK208
Change Component Designator: Old Designator=R? New Designator=R200
Change Component Designator: Old Designator=R? New Designator=R201
Change Component Designator: Old Designator=R? New Designator=R202
Change Component Designator: Old Designator=R? New Designator=R203
Change Component Designator: Old Designator=R? New Designator=R204
Change Component Designator: Old Designator=R? New Designator=R205
Change Component Designator: Old Designator=R? New Designator=R206
Change Component Designator: Old Designator=R? New Designator=R207
Change Component Designator: Old Designator=R? New Designator=R208
Change Component Designator: Old Designator=R? New Designator=R209
Change Component Designator: Old Designator=R? New Designator=R210
Change Component Designator: Old Designator=R? New Designator=R211
Change Component Designator: Old Designator=R? New Designator=R212
Change Component Designator: Old Designator=R? New Designator=R213
Change Component Designator: Old Designator=R? New Designator=R214
Change Component Designator: Old Designator=R? New Designator=R215
Change Component Designator: Old Designator=R? New Designator=R216
Change Component Designator: Old Designator=R? New Designator=R217
Change Component Designator: Old Designator=R? New Designator=R218
Change Component Designator: Old Designator=T? New Designator=T200
Change Component Designator: Old Designator=T? New Designator=T201
Change Component Designator: Old Designator=T? New Designator=T202
Change Component Designator: Old Designator=T? New Designator=T203
Change Component Designator: Old Designator=T? New Designator=T204
Change Component Designator: Old Designator=T? New Designator=T205
Change Component Designator: Old Designator=T? New Designator=T206
Change Component Designator: Old Designator=T? New Designator=T207
Change Component Designator: Old Designator=T? New Designator=T208
