Added Pin To Net: NetName=AC_OUT Pin=T200-1
Added Pin To Net: NetName=VD1 Pin=T200-2
Added Pin To Net: NetName=NetOK200_4 Pin=T200-3
Added Pin To Net: NetName=AC_OUT Pin=T201-1
Added Pin To Net: NetName=AM1 Pin=T201-2
Added Pin To Net: NetName=NetOK201_4 Pin=T201-3
Added Pin To Net: NetName=AC_OUT Pin=T202-1
Added Pin To Net: NetName=VM1 Pin=T202-2
Added Pin To Net: NetName=NetOK202_4 Pin=T202-3
Added Pin To Net: NetName=AC_OUT Pin=T203-1
Added Pin To Net: NetName=VD2 Pin=T203-2
Added Pin To Net: NetName=NetOK203_4 Pin=T203-3
Added Pin To Net: NetName=AC_OUT Pin=T204-1
Added Pin To Net: NetName=AM2 Pin=T204-2
Added Pin To Net: NetName=NetOK204_4 Pin=T204-3
Added Pin To Net: NetName=AC_OUT Pin=T205-1
Added Pin To Net: NetName=VM2 Pin=T205-2
Added Pin To Net: NetName=NetOK205_4 Pin=T205-3
Added Pin To Net: NetName=AC_F Pin=T206-1
Added Pin To Net: NetName=AC_OUT Pin=T206-2
Added Pin To Net: NetName=NetOK206_4 Pin=T206-3
Added Pin To Net: NetName=AC_OUT Pin=T207-1
Added Pin To Net: NetName=VDPED Pin=T207-2
Added Pin To Net: NetName=NetOK207_4 Pin=T207-3
Added Pin To Net: NetName=AC_OUT Pin=T208-1
Added Pin To Net: NetName=VMPED Pin=T208-2
Added Pin To Net: NetName=NetOK208_4 Pin=T208-3
