Added Component: Designator=C200(CAPC3225-1210N)
Add component (AddParameter): Name = "Arrow Part Number"; Value = "C1210C106M6PACTU"; VariantName = "[No Variations]"
Add component (AddParameter): Name = "Arrow Price/Stock"; Value = "https://www.arrow.com/en/products/c1210c106m6pactu/kemet-corporation"; VariantName = "[No Variations]"
Add component (AddParameter): Name = "Capacitance"; Value = "100nF"; VariantName = "[No Variations]"
Add component (AddParameter): Name = "Case Code (Imperial)"; Value = "1210"; VariantName = "[No Variations]"
Add component (AddParameter): Name = "Case Code (Metric)"; Value = "3225"; VariantName = "[No Variations]"
Add component (AddParameter): Name = "Case/Package"; Value = "1210"; VariantName = "[No Variations]"
Add component (AddParameter): Name = "Category"; Value = "Ceramic Capacitors"; VariantName = "[No Variations]"
Add component (AddParameter): Name = "ComponentLink1Description"; Value = "https://datasheet.ciiva.com/5409/kem-c1010-x7r-hv-smd-5409158.pdf?src-supplier=Mouser"; VariantName = "[No Variations]"
Add component (AddParameter): Name = "ComponentLink1URL"; Value = "https://datasheet.ciiva.com/5409/kem-c1010-x7r-hv-smd-5409158.pdf?src-supplier=Mouser"; VariantName = "[No Variations]"
Add component (AddParameter): Name = "Contact Plating"; Value = "Tin,Matte"; VariantName = "[No Variations]"
Add component (AddParameter): Name = "Datasheet Link"; Value = "https://api.kemet.com/component-edge/download/datasheet/C1210C106M6PACTU.pdf"; VariantName = "[No Variations]"
Add component (AddParameter): Name = "Depth"; Value = "2.5mm"; VariantName = "[No Variations]"
Add component (AddParameter): Name = "Dielectric"; Value = "X7R"; VariantName = "[No Variations]"
Add component (AddParameter): Name = "Dielectric Material"; Value = "Ceramic"; VariantName = "[No Variations]"
Add component (AddParameter): Name = "Height"; Value = "2.1mm"; VariantName = "[No Variations]"
Add component (AddParameter): Name = "Length"; Value = "3.2mm"; VariantName = "[No Variations]"
Add component (AddParameter): Name = "Manufacturer"; Value = "KEMET"; VariantName = "[No Variations]"
Add component (AddParameter): Name = "Manufacturer Part Number"; Value = "C1210C104KCRACTU"; VariantName = "[No Variations]"
Add component (AddParameter): Name = "Manufacturer_Name"; Value = "Kemet"; VariantName = "[No Variations]"
Add component (AddParameter): Name = "Manufacturer_Part_Number"; Value = "C1210C106M6PACTU"; VariantName = "[No Variations]"
Add component (AddParameter): Name = "Max Operating Temperature"; Value = "125°C"; VariantName = "[No Variations]"
Add component (AddParameter): Name = "Min Operating Temperature"; Value = "-55°C"; VariantName = "[No Variations]"
Add component (AddParameter): Name = "Mount"; Value = "Surface Mount"; VariantName = "[No Variations]"
Add component (AddParameter): Name = "Mouser Part Number"; Value = "80-C1210C106M6P"; VariantName = "[No Variations]"
Add component (AddParameter): Name = "Mouser Price/Stock"; Value = "https://www.mouser.co.uk/ProductDetail/KEMET/C1210C106M6PACTU?qs=K%2Fj%2Fqf%252B0fqKxjJfAWxNdjg%3D%3D"; VariantName = "[No Variations]"
Add component (AddParameter): Name = "Package Quantity"; Value = "1"; VariantName = "[No Variations]"
Add component (AddParameter): Name = "Packaging"; Value = "Tape and Reel"; VariantName = "[No Variations]"
Add component (AddParameter): Name = "Pricing 1"; Value = "1=0,22980, 10=0,17550, 30=0,16550, 100=0,15550, 500=0,15110, 1000=0,14890, 1=0,22120, 10=0,16900, 30=0,15930, 100=0,14970, 500=0,14540, 1000=0,14330, 1=1,15440, 10=0,88170, 30=0,83110, 100=0,78120, 500=0,75890, 1000=0,74770, 1=1,10970, 10=0,84760, 30=0,79900, 100=0,75100, 500=0,72950, 1000=0,71880, 1=0,14920, 10=0,11400, 30=0,10740, 100=0,10100, 500=0,09810, 1000=0,09670, 1=0,12760, 10=0,09740, 30=0,09180, 100=0,08630, 500=0,08390, 1000=0,08260, 1=1,36580, 10=1,04320, 30=0,98340, 100=0,92430, 500=0,89790, 1000=0,88460, 1=19,30340, 10=14,74390, 30=13,89800, 100=13,06300, 500=12,68950, 1000=12,50270, 1=0,72810, 10=0,55610, 30=0,52420, 100=0,49270, 500=0,47860, 1000=0,47160, 1=13,29180, 10=10,15230, 30=9,56980, 100=8,99480, 500=8,73760, 1000=8,60900, 1=1,52590, 10=1,16550, 30=1,09860, 100=1,03260, 500=1,00310, 1000=0,98830, 1=0,23690, 10=0,18090, 30=0,17050, 100=0,16030, 500=0,15570, 1000=0,15340, 1=0,17570, 10=0,13420, 30=0,12650, 100=0,11890, 500=0,11550, 1000=0,11380 (AUD)"; VariantName = "[No Variations]"
Add component (AddParameter): Name = "REACH SVHC"; Value = "No SVHC"; VariantName = "[No Variations]"
Add component (AddParameter): Name = "RoHS"; Value = "Yes"; VariantName = "[No Variations]"
Add component (AddParameter): Name = "RoHS Compliant"; Value = "Yes"; VariantName = "[No Variations]"
Add component (AddParameter): Name = "Series"; Value = "C"; VariantName = "[No Variations]"
Add component (AddParameter): Name = "Stock 1"; Value = "12082"; VariantName = "[No Variations]"
Add component (AddParameter): Name = "Supplier 1"; Value = "LCSC"; VariantName = "[No Variations]"
Add component (AddParameter): Name = "Supplier Part Number 1"; Value = "C141218"; VariantName = "[No Variations]"
Add component (AddParameter): Name = "Termination"; Value = "SMD/SMT"; VariantName = "[No Variations]"
Add component (AddParameter): Name = "Thickness"; Value = "0.091inch"; VariantName = "[No Variations]"
Add component (AddParameter): Name = "Tolerance"; Value = "10%"; VariantName = "[No Variations]"
Add component (AddParameter): Name = "Voltage Rating"; Value = "500V"; VariantName = "[No Variations]"
Add component (AddParameter): Name = "Voltage Rating (DC)"; Value = "1kV"; VariantName = "[No Variations]"
Add component (AddParameter): Name = "Width"; Value = "2.5mm"; VariantName = "[No Variations]"
Added Pin To Net: NetName=AC_OUT Pin=C200-1
Added Pin To Net: NetName=NetC200_2 Pin=C200-2
Added Member To Class: ClassName=U_Control Member=Component C200 100nF 500V
